Arguments: 
  /Users/hezhiqiang/.nvm/versions/node/v10.14.1/bin/node /usr/local/bin/yarn add webpack webpack-cli lodash lodash-webpack-plugin

PATH: 
  /usr/local/opt/ruby/bin:/Users/hezhiqiang/.nvm/versions/node/v10.14.1/bin:/usr/local/bin:/usr/bin:/bin:/usr/sbin:/sbin:/usr/local/aria2/bin:/Users/hezhiqiang/develop/flutter/bin

Yarn version: 
  1.13.0

Node version: 
  10.14.1

Platform: 
  darwin x64

Trace: 
  SyntaxError: /Users/hezhiqiang/studio/YC-WebViewBridge/package.json: Unexpected token / in JSON at position 659
      at JSON.parse (<anonymous>)
      at /Users/hezhiqiang/.config/yarn/global/node_modules/yarn/lib/cli.js:1625:59
      at Generator.next (<anonymous>)
      at step (/Users/hezhiqiang/.config/yarn/global/node_modules/yarn/lib/cli.js:304:30)
      at /Users/hezhiqiang/.config/yarn/global/node_modules/yarn/lib/cli.js:315:13

npm manifest: 
  {
    "name": "yc-webviewbridge",
    "version": "0.3.0",
    "description": "Native 和 WebView 通信桥梁",
    "main": "dist/YCWebViewBridge.js",
    "scripts": {
      "test": "mocha --recursive --compilers js:babel-core/register",
      "dev": "mocha --recursive --watch --compilers js:babel-core/register",
      "build": "webpack --config webpack.config.babel.js && cp -R ./dist/*.js ./test/html/"
    },
    "author": "hezhiqiang",
    "license": "MIT",
    "standard": {
      "ignore": [
        "dist/",
        "src/native_inject/",
        "test/",
        "lib/"
      ],
      "globals": [
        "WebViewJavascriptBridge"
      ],
      "parser": "babel-eslint"
    },
    "devDependencies": {
      // "@typescript-eslint/eslint-plugin": "^1.4.2",
      // "@typescript-eslint/parser": "^1.4.2",
      // "babel-core": "^6.25.0",
      // "babel-eslint": "^7.2.3",
      // "babel-loader": "^7.1.1",
      // "babel-plugin-lodash": "^3.2.11",
      // "babel-preset-env": "^1.5.2",
      // "babel-preset-es2015": "^6.24.1",
      // "eslint-config-airbnb": "^17.1.0",
      // "eslint-config-prettier": "^4.1.0",
      // "eslint-plugin-import": "^2.16.0",
      // "eslint-plugin-jsx-a11y": "^6.2.1",
      // "eslint-plugin-prettier": "^3.0.1",
      // "eslint-plugin-react": "^7.12.4",
      // "lodash-webpack-plugin": "^0.11.4",
      // "mocha": "^3.4.2",
      // "prettier": "^1.16.4",
      // "standard": "^10.0.2",
      // "ts-loader": "^5.3.3",
      // "webpack": "^4.29.6",
      // "webpack-cli": "^3.3.0"
    },
    "dependencies": {
      "js-base64": "^2.4.3",
      "lodash": "^4.17.4",
      "typescript": "^3.3.4000"
    }
  }

yarn manifest: 
  No manifest

Lockfile: 
  No lockfile
